<?xml version="1.0" encoding="UTF-8"?>
<testsuite xmlns:xsi="http://www.w3.org/2001/XMLSchema-instance" xsi:noNamespaceSchemaLocation="https://maven.apache.org/surefire/maven-surefire-plugin/xsd/surefire-test-report-3.0.xsd" version="3.0" name="runner.TestRunner" time="37.241" tests="11" errors="1" skipped="3" failures="1">
  <properties>
[...]
</properties>
  <testcase name="| client_trade | solar@123 |" classname="Examples: " time="0.542">
    <error type="java.lang.NoClassDefFoundError"><![CDATA[java.lang.NoClassDefFoundError: org/apache/poi/ss/usermodel/CellType
Caused by: java.lang.ClassNotFoundException: org.apache.poi.ss.usermodel.CellType
]]></error>
    <system-out><![CDATA[Starting scenario: Login to Formbay
]]></system-out>
  </testcase>
  <testcase name="| client_trade | solar@123 |" classname="Examples: " time="0.556">
    <failure type="org.opentest4j.MultipleFailuresError"><![CDATA[org.opentest4j.MultipleFailuresError: 
Multiple Failures (2 failures)
	java.lang.NoClassDefFoundError: org/apache/poi/ss/usermodel/CellType
	java.lang.NullPointerException: Cannot invoke "org.openqa.selenium.WebDriver.quit()" because "stepdefinitions.TestBase.wdriver" is null
]]></failure>
    <system-err><![CDATA[log4j:WARN No appenders could be found for logger (org.apache.commons.logging.Log).
log4j:WARN Please initialize the log4j system properly.
]]></system-err>
  </testcase>
  <testcase name="Given i am Formbay User" classname="| client_trade | solar@123 |" time="0">
    <skipped message="&lt;unknown&gt;"/>
  </testcase>
  <testcase name="When i login to Formbay application" classname="| client_trade | solar@123 |" time="0">
    <skipped message="&lt;unknown&gt;"/>
  </testcase>
  <testcase name="Then I should see joblist page" classname="| client_trade | solar@123 |" time="0">
    <skipped message="&lt;unknown&gt;"/>
  </testcase>
  <testcase name="Given i am Formbay User for homepage" classname="| client_trade | solar@123 |" time="0">
    <system-out><![CDATA[Starting scenario: Formbay HomePage
Login Page accessed
]]></system-out>
    <system-err><![CDATA[Starting ChromeDriver 2.36.540470 (e522d04694c7ebea4ba8821272dbef4f9b818c91) on port 8979
Only local connections are allowed.
Mar 27, 2021 8:32:58 AM org.openqa.selenium.remote.ProtocolHandshake createSession
INFO: Detected dialect: OSS
]]></system-err>
  </testcase>
  <testcase name="Given i am Formbay User for homepage" classname="| client_trade | solar@123 |" time="0.001">
    <system-out><![CDATA[Starting scenario: Formbay HomePage2
Login Page accessed
]]></system-out>
    <system-err><![CDATA[Starting ChromeDriver 2.36.540470 (e522d04694c7ebea4ba8821272dbef4f9b818c91) on port 22477
Only local connections are allowed.
Mar 27, 2021 8:33:14 AM org.openqa.selenium.remote.ProtocolHandshake createSession
INFO: Detected dialect: OSS
]]></system-err>
  </testcase>
  <testcase name="When i login to Formbay application for homepage" classname="| client_trade | solar@123 |" time="0.001"/>
  <testcase name="When i login to Formbay application for homepage" classname="| client_trade | solar@123 |" time="0.001"/>
  <testcase name="Then I should see joblist page for homepage" classname="| client_trade | solar@123 |" time="0.001"/>
  <testcase name="Then I should execute last test" classname="| client_trade | solar@123 |" time="0.001"/>
</testsuite>