<?xml version="1.0" encoding="UTF-8" ?>
<testsuite tests="4" failures="0" name="runner.TestRunner" time="0.027" errors="2" skipped="2">
  <properties>
[...]
</properties>
  <testcase classname="| client_trade | solar@123 |" name="Given i am Formbay User" time="0.006">
    <error message="Cannot invoke &quot;org.openqa.selenium.WebElement.isDisplayed()&quot; because &quot;element&quot; is null" type="java.lang.NullPointerException">java.lang.NullPointerException: Cannot invoke &quot;org.openqa.selenium.WebElement.isDisplayed()&quot; because &quot;element&quot; is null
	at org.openqa.selenium.support.ui.ExpectedConditions.elementIfVisible(ExpectedConditions.java:315)
	at org.openqa.selenium.support.ui.ExpectedConditions.access$100(ExpectedConditions.java:44)
	at org.openqa.selenium.support.ui.ExpectedConditions$10.apply(ExpectedConditions.java:301)
	at org.openqa.selenium.support.ui.ExpectedConditions$10.apply(ExpectedConditions.java:298)
	at org.openqa.selenium.support.ui.ExpectedConditions$23.apply(ExpectedConditions.java:686)
	at org.openqa.selenium.support.ui.ExpectedConditions$23.apply(ExpectedConditions.java:682)
	at org.openqa.selenium.support.ui.FluentWait.until(FluentWait.java:248)
	at utils.seleniumutils.waitForAnElement(seleniumutils.java:36)
	at pages.LoginPage.login(LoginPage.java:33)
	at stepdefinitions.LoginPageTests.i_am_Formbay_user(LoginPageTests.java:19)
	at ✽.Given i am Formbay User(loginpage.feature:7)
</error>
    <system-out>Starting scenario: Login to Formbay
</system-out>
    <system-err>Starting ChromeDriver 2.36.540470 (e522d04694c7ebea4ba8821272dbef4f9b818c91) on port 9074
Only local connections are allowed.
Mar 25, 2021 12:11:46 PM org.openqa.selenium.remote.ProtocolHandshake createSession
INFO: Detected dialect: OSS
</system-err>
  </testcase>
  <testcase classname="| client_trade | solar@123 |" name="| client_trade | solar@123 |" time="0.007">
    <error message="Cannot invoke &quot;org.openqa.selenium.WebElement.isDisplayed()&quot; because &quot;element&quot; is null" type="java.lang.NullPointerException">java.lang.NullPointerException: Cannot invoke &quot;org.openqa.selenium.WebElement.isDisplayed()&quot; because &quot;element&quot; is null
	at org.openqa.selenium.support.ui.ExpectedConditions.elementIfVisible(ExpectedConditions.java:315)
	at org.openqa.selenium.support.ui.ExpectedConditions.access$100(ExpectedConditions.java:44)
	at org.openqa.selenium.support.ui.ExpectedConditions$10.apply(ExpectedConditions.java:301)
	at org.openqa.selenium.support.ui.ExpectedConditions$10.apply(ExpectedConditions.java:298)
	at org.openqa.selenium.support.ui.ExpectedConditions$23.apply(ExpectedConditions.java:686)
	at org.openqa.selenium.support.ui.ExpectedConditions$23.apply(ExpectedConditions.java:682)
	at org.openqa.selenium.support.ui.FluentWait.until(FluentWait.java:248)
	at utils.seleniumutils.waitForAnElement(seleniumutils.java:36)
	at pages.LoginPage.login(LoginPage.java:33)
	at stepdefinitions.LoginPageTests.i_am_Formbay_user(LoginPageTests.java:19)
	at ✽.Given i am Formbay User(loginpage.feature:7)
</error>
  </testcase>
  <testcase classname="| client_trade | solar@123 |" name="When i login to Formbay application" time="0.007">
    <skipped/>
  </testcase>
  <testcase classname="| client_trade | solar@123 |" name="Then I should see joblist page" time="0.007">
    <skipped/>
  </testcase>
</testsuite>